[  9%] Built target sdt_project__rosidl_generator_c
[ 12%] Built target sdt_project__cpp
[ 12%] Built target ament_cmake_python_copy_sdt_project
[ 22%] Built target sdt_project__rosidl_typesupport_fastrtps_c
[ 41%] Built target sdt_project__rosidl_typesupport_fastrtps_cpp
[ 41%] Built target sdt_project__rosidl_typesupport_introspection_c
[ 51%] Built target sdt_project__rosidl_typesupport_c
[ 61%] Built target sdt_project__rosidl_typesupport_cpp
[ 70%] Built target sdt_project__rosidl_typesupport_introspection_cpp
[ 70%] Built target sdt_project
[ 74%] Built target sdt_project__py
[ 80%] Built target sdt_project__rosidl_generator_py
[ 87%] Built target sdt_project__rosidl_typesupport_c__pyext
[ 93%] Built target sdt_project__rosidl_typesupport_introspection_c__pyext
[100%] Built target sdt_project__rosidl_typesupport_fastrtps_c__pyext
Traceback (most recent call last):
  File "/usr/lib/python3/dist-packages/pkg_resources/__init__.py", line 2866, in get_entry_map
    ep_map = self._ep_map
  File "/usr/lib/python3/dist-packages/pkg_resources/__init__.py", line 2828, in __getattr__
    raise AttributeError(attr)
AttributeError: _ep_map. Did you mean: '_dep_map'?

During handling of the above exception, another exception occurred:

Traceback (most recent call last):
  File "/home/yusuf/Guzergah_SDT/build/sdt_project/ament_cmake_python/sdt_project/setup.py", line 4, in <module>
    setup(
  File "/usr/lib/python3/dist-packages/setuptools/__init__.py", line 152, in setup
    _install_setup_requires(attrs)
  File "/usr/lib/python3/dist-packages/setuptools/__init__.py", line 142, in _install_setup_requires
    dist = MinimalDistribution(attrs)
  File "/usr/lib/python3/dist-packages/setuptools/__init__.py", line 134, in __init__
    distutils.core.Distribution.__init__(self, filtered)
  File "/usr/lib/python3/dist-packages/setuptools/dist.py", line 457, in __init__
    for ep in pkg_resources.iter_entry_points('distutils.setup_keywords'):
  File "/usr/lib/python3/dist-packages/pkg_resources/__init__.py", line 646, in <genexpr>
    for entry in dist.get_entry_map(group).values()
  File "/usr/lib/python3/dist-packages/pkg_resources/__init__.py", line 2868, in get_entry_map
    ep_map = self._ep_map = EntryPoint.parse_map(
  File "/usr/lib/python3/dist-packages/pkg_resources/__init__.py", line 2549, in parse_map
    for group, lines in data:
  File "/usr/lib/python3/dist-packages/pkg_resources/__init__.py", line 3205, in split_sections
    for line in yield_lines(s):
  File "/usr/lib/python3/dist-packages/pkg_resources/__init__.py", line 2780, in _get_metadata
    for line in self.get_metadata_lines(name):
  File "/usr/lib/python3/dist-packages/pkg_resources/__init__.py", line 1422, in get_metadata_lines
    return yield_lines(self.get_metadata(name))
  File "/usr/lib/python3/dist-packages/pkg_resources/__init__.py", line 1412, in get_metadata
    value = self._get(path)
  File "/usr/lib/python3/dist-packages/pkg_resources/__init__.py", line 1617, in _get
    return stream.read()
KeyboardInterrupt
gmake[2]: *** [CMakeFiles/ament_cmake_python_build_sdt_project_egg.dir/build.make:70: CMakeFiles/ament_cmake_python_build_sdt_project_egg] Interrupt
gmake[1]: *** [CMakeFiles/Makefile2:447: CMakeFiles/ament_cmake_python_build_sdt_project_egg.dir/all] Interrupt
gmake: *** [Makefile:146: all] Interrupt
