[0.021s] Invoking command in '/home/yusuf/Guzergah_SDT/build/sdt_project': CMAKE_PREFIX_PATH=${CMAKE_PREFIX_PATH}:/opt/ros/humble /usr/bin/cmake --build /home/yusuf/Guzergah_SDT/build/sdt_project -- -j8 -l8
[0.081s] [  9%] Built target sdt_project__rosidl_generator_c
[0.086s] [ 12%] Built target sdt_project__cpp
[0.103s] [ 12%] Built target ament_cmake_python_copy_sdt_project
[0.128s] [ 22%] Built target sdt_project__rosidl_typesupport_fastrtps_c
[0.139s] [ 41%] Built target sdt_project__rosidl_typesupport_fastrtps_cpp
[0.139s] [ 41%] Built target sdt_project__rosidl_typesupport_introspection_c
[0.140s] [ 51%] Built target sdt_project__rosidl_typesupport_c
[0.140s] [ 61%] Built target sdt_project__rosidl_typesupport_cpp
[0.141s] [ 70%] Built target sdt_project__rosidl_typesupport_introspection_cpp
[0.168s] [ 70%] Built target sdt_project
[0.196s] [ 74%] Built target sdt_project__py
[0.224s] [ 80%] Built target sdt_project__rosidl_generator_py
[0.262s] [ 87%] Built target sdt_project__rosidl_typesupport_c__pyext
[0.262s] [ 93%] Built target sdt_project__rosidl_typesupport_introspection_c__pyext
[0.264s] [100%] Built target sdt_project__rosidl_typesupport_fastrtps_c__pyext
[0.452s] Traceback (most recent call last):
[0.452s]   File "/usr/lib/python3/dist-packages/pkg_resources/__init__.py", line 2866, in get_entry_map
[0.452s]     ep_map = self._ep_map
[0.452s]   File "/usr/lib/python3/dist-packages/pkg_resources/__init__.py", line 2828, in __getattr__
[0.453s]     raise AttributeError(attr)
[0.453s] AttributeError: _ep_map. Did you mean: '_dep_map'?
[0.453s] 
[0.453s] During handling of the above exception, another exception occurred:
[0.453s] 
[0.453s] Traceback (most recent call last):
[0.453s]   File "/home/yusuf/Guzergah_SDT/build/sdt_project/ament_cmake_python/sdt_project/setup.py", line 4, in <module>
[0.453s]     setup(
[0.453s]   File "/usr/lib/python3/dist-packages/setuptools/__init__.py", line 152, in setup
[0.453s]     _install_setup_requires(attrs)
[0.453s]   File "/usr/lib/python3/dist-packages/setuptools/__init__.py", line 142, in _install_setup_requires
[0.453s]     dist = MinimalDistribution(attrs)
[0.453s]   File "/usr/lib/python3/dist-packages/setuptools/__init__.py", line 134, in __init__
[0.453s]     distutils.core.Distribution.__init__(self, filtered)
[0.454s]   File "/usr/lib/python3/dist-packages/setuptools/dist.py", line 457, in __init__
[0.463s]     for ep in pkg_resources.iter_entry_points('distutils.setup_keywords'):
[0.463s]   File "/usr/lib/python3/dist-packages/pkg_resources/__init__.py", line 646, in <genexpr>
[0.463s]     for entry in dist.get_entry_map(group).values()
[0.463s]   File "/usr/lib/python3/dist-packages/pkg_resources/__init__.py", line 2868, in get_entry_map
[0.464s]     ep_map = self._ep_map = EntryPoint.parse_map(
[0.464s]   File "/usr/lib/python3/dist-packages/pkg_resources/__init__.py", line 2549, in parse_map
[0.464s]     for group, lines in data:
[0.464s]   File "/usr/lib/python3/dist-packages/pkg_resources/__init__.py", line 3205, in split_sections
[0.465s]     for line in yield_lines(s):
[0.465s]   File "/usr/lib/python3/dist-packages/pkg_resources/__init__.py", line 2780, in _get_metadata
[0.465s]     for line in self.get_metadata_lines(name):
[0.465s]   File "/usr/lib/python3/dist-packages/pkg_resources/__init__.py", line 1422, in get_metadata_lines
[0.465s]     return yield_lines(self.get_metadata(name))
[0.465s]   File "/usr/lib/python3/dist-packages/pkg_resources/__init__.py", line 1412, in get_metadata
[0.465s]     value = self._get(path)
[0.465s]   File "/usr/lib/python3/dist-packages/pkg_resources/__init__.py", line 1617, in _get
[0.466s]     return stream.read()
[0.466s] KeyboardInterrupt
[0.489s] gmake[2]: *** [CMakeFiles/ament_cmake_python_build_sdt_project_egg.dir/build.make:70: CMakeFiles/ament_cmake_python_build_sdt_project_egg] Interrupt
[0.489s] gmake[1]: *** [CMakeFiles/Makefile2:447: CMakeFiles/ament_cmake_python_build_sdt_project_egg.dir/all] Interrupt
[0.489s] gmake: *** [Makefile:146: all] Interrupt
[0.490s] Invoked command in '/home/yusuf/Guzergah_SDT/build/sdt_project' returned '-2': CMAKE_PREFIX_PATH=${CMAKE_PREFIX_PATH}:/opt/ros/humble /usr/bin/cmake --build /home/yusuf/Guzergah_SDT/build/sdt_project -- -j8 -l8
