[  9%] Built target sdt_project__rosidl_generator_c
[ 12%] Built target sdt_project__cpp
[ 12%] Built target ament_cmake_python_copy_sdt_project
[ 22%] Built target sdt_project__rosidl_typesupport_fastrtps_c
[ 32%] Built target sdt_project__rosidl_typesupport_introspection_c
[ 41%] Built target sdt_project__rosidl_typesupport_c
[ 51%] Built target sdt_project__rosidl_typesupport_cpp
[ 61%] Built target sdt_project__rosidl_typesupport_fastrtps_cpp
[ 70%] Built target sdt_project__rosidl_typesupport_introspection_cpp
[ 70%] Built target sdt_project
[ 74%] Built target sdt_project__py
[ 80%] Built target sdt_project__rosidl_generator_py
Traceback (most recent call last):
  File "/home/yusuf/Guzergah_SDT/build/sdt_project/ament_cmake_python/sdt_project/setup.py", line 1, in <module>
gmake[2]: *** [CMakeFiles/sdt_project__rosidl_typesupport_fastrtps_c__pyext.dir/build.make:121: CMakeFiles/sdt_project__rosidl_typesupport_fastrtps_c__pyext.dir/depend] Interrupt
gmake[2]: *** wait: No child processes.  Stop.
gmake[2]: *** Waiting for unfinished jobs....
gmake[2]: *** wait: No child processes.  Stop.
    from setuptools import find_packages
  File "/usr/lib/python3/dist-packages/setuptools/__init__.py", line 16, in <module>
    import setuptools.version
  File "/usr/lib/python3/dist-packages/setuptools/version.py", line 1, in <module>
    import pkg_resources
  File "/usr/lib/python3/dist-packages/pkg_resources/__init__.py", line 76, in <module>
    __import__('pkg_resources.extern.packaging.version')
  File "/usr/lib/python3/dist-packages/pkg_resources/_vendor/packaging/version.py", line 9, in <module>
gmake[1]: *** [CMakeFiles/Makefile2:504: CMakeFiles/sdt_project__rosidl_typesupport_fastrtps_c__pyext.dir/all] Interrupt
gmake[1]: *** [CMakeFiles/Makefile2:563: CMakeFiles/sdt_project__rosidl_typesupport_c__pyext.dir/all] Error 2
gmake[2]: *** [CMakeFiles/sdt_project__rosidl_typesupport_introspection_c__pyext.dir/build.make:118: CMakeFiles/sdt_project__rosidl_typesupport_introspection_c__pyext.dir/depend] Interrupt
    from typing import Callable, Iterator, List, Optional, SupportsInt, Tuple, Union
gmake[1]: *** [CMakeFiles/Makefile2:534: CMakeFiles/sdt_project__rosidl_typesupport_introspection_c__pyext.dir/all] Interrupt
  File "/usr/lib/python3.10/typing.py", line 2218, in <module>
    class SupportsIndex(Protocol):
  File "/usr/lib/python3.10/abc.py", line 106, in __new__
    cls = super().__new__(mcls, name, bases, namespace, **kwargs)
  File "/usr/lib/python3.10/typing.py", line 1549, in __init_subclass__
    def __init_subclass__(cls, *args, **kwargs):
KeyboardInterrupt
gmake[2]: *** [CMakeFiles/ament_cmake_python_build_sdt_project_egg.dir/build.make:70: CMakeFiles/ament_cmake_python_build_sdt_project_egg] Interrupt
gmake[1]: *** [CMakeFiles/Makefile2:447: CMakeFiles/ament_cmake_python_build_sdt_project_egg.dir/all] Interrupt
gmake: *** [Makefile:146: all] Interrupt
