[0.000000] (-) TimerEvent: {}
[0.000540] (rf2o_laser_odometry) JobQueued: {'identifier': 'rf2o_laser_odometry', 'dependencies': OrderedDict()}
[0.001029] (sdt_project) JobQueued: {'identifier': 'sdt_project', 'dependencies': OrderedDict()}
[0.001109] (rf2o_laser_odometry) JobStarted: {'identifier': 'rf2o_laser_odometry'}
[0.008876] (sdt_project) JobStarted: {'identifier': 'sdt_project'}
[0.017707] (rf2o_laser_odometry) JobProgress: {'identifier': 'rf2o_laser_odometry', 'progress': 'cmake'}
[0.018575] (rf2o_laser_odometry) JobProgress: {'identifier': 'rf2o_laser_odometry', 'progress': 'build'}
[0.019418] (rf2o_laser_odometry) Command: {'cmd': ['/usr/bin/cmake', '--build', '/home/yusuf/Guzergah_SDT/build/rf2o_laser_odometry', '--', '-j8', '-l8'], 'cwd': '/home/yusuf/Guzergah_SDT/build/rf2o_laser_odometry', 'env': OrderedDict([('GJS_DEBUG_TOPICS', 'JS ERROR;JS LOG'), ('LESSOPEN', '| /usr/bin/lesspipe %s'), ('USER', 'yusuf'), ('XDG_SESSION_TYPE', 'wayland'), ('SHLVL', '1'), ('LD_LIBRARY_PATH', '/home/yusuf/Guzergah_SDT/install/sdt_project/lib:/home/yusuf/usb_cam/install/usb_cam/lib:/usr/lib/x86_64-linux-gnu/gazebo-11/plugins:/opt/ros/humble/opt/rviz_ogre_vendor/lib:/opt/ros/humble/lib/x86_64-linux-gnu:/opt/ros/humble/lib'), ('HOME', '/home/yusuf'), ('OLDPWD', '/home/yusuf'), ('DESKTOP_SESSION', 'ubuntu'), ('GIO_LAUNCHED_DESKTOP_FILE', '/usr/share/applications/terminator.desktop'), ('ROS_PYTHON_VERSION', '3'), ('GNOME_SHELL_SESSION_MODE', 'ubuntu'), ('GTK_MODULES', 'gail:atk-bridge'), ('MANAGERPID', '1322'), ('SYSTEMD_EXEC_PID', '1496'), ('DBUS_SESSION_BUS_ADDRESS', 'unix:path=/run/user/1000/bus'), ('COLORTERM', 'truecolor'), ('TERMINATOR_DBUS_NAME', 'net.tenshu.Terminator25ef4b219e3b005583550f2b0f9f990c3'), ('GIO_LAUNCHED_DESKTOP_FILE_PID', '42318'), ('IM_CONFIG_PHASE', '1'), ('WAYLAND_DISPLAY', 'wayland-0'), ('COLCON_PREFIX_PATH', '/home/yusuf/slam_gmapping_Humble/slam_gmapping/install:/home/yusuf/sllidar_ros2/install:/home/yusuf/usb_cam/install:/home/yusuf/turtlebot3_ws/install:/home/yusuf/Guzergah_SDT/install'), ('ROS_DISTRO', 'humble'), ('LOGNAME', 'yusuf'), ('JOURNAL_STREAM', '8:18525'), ('_', '/usr/bin/colcon'), ('ROS_VERSION', '2'), ('XDG_SESSION_CLASS', 'user'), ('USERNAME', 'yusuf'), ('TERM', 'xterm-256color'), ('GNOME_DESKTOP_SESSION_ID', 'this-is-deprecated'), ('ROS_LOCALHOST_ONLY', '0'), ('PATH', '/opt/ros/humble/bin:/home/yusuf/.local/bin:/usr/local/sbin:/usr/local/bin:/usr/sbin:/usr/bin:/sbin:/bin:/usr/games:/usr/local/games:/snap/bin:/snap/bin'), ('SESSION_MANAGER', 'local/yubuntu:@/tmp/.ICE-unix/1468,unix/yubuntu:/tmp/.ICE-unix/1468'), ('INVOCATION_ID', 'e71929d952d7499f856e2f81ca67d895'), ('XDG_MENU_PREFIX', 'gnome-'), ('GNOME_SETUP_DISPLAY', ':1'), ('XDG_RUNTIME_DIR', '/run/user/1000'), ('DISPLAY', ':0'), ('TERMINATOR_DBUS_PATH', '/net/tenshu/Terminator2'), ('LANG', 'en_US.UTF-8'), ('XDG_CURRENT_DESKTOP', 'ubuntu:GNOME'), ('IBUS_DISABLE_SNOOPER', '1'), ('RMW_IMPLEMENTATION', 'rmw_cyclonedds_cpp'), ('XMODIFIERS', '@im=ibus'), ('XDG_SESSION_DESKTOP', 'ubuntu'), ('XAUTHORITY', '/run/user/1000/.mutter-Xwaylandauth.CTLKT2'), ('LS_COLORS', 'rs=0:di=01;34:ln=01;36:mh=00:pi=40;33:so=01;35:do=01;35:bd=40;33;01:cd=40;33;01:or=40;31;01:mi=00:su=37;41:sg=30;43:ca=30;41:tw=30;42:ow=34;42:st=37;44:ex=01;32:*.tar=01;31:*.tgz=01;31:*.arc=01;31:*.arj=01;31:*.taz=01;31:*.lha=01;31:*.lz4=01;31:*.lzh=01;31:*.lzma=01;31:*.tlz=01;31:*.txz=01;31:*.tzo=01;31:*.t7z=01;31:*.zip=01;31:*.z=01;31:*.dz=01;31:*.gz=01;31:*.lrz=01;31:*.lz=01;31:*.lzo=01;31:*.xz=01;31:*.zst=01;31:*.tzst=01;31:*.bz2=01;31:*.bz=01;31:*.tbz=01;31:*.tbz2=01;31:*.tz=01;31:*.deb=01;31:*.rpm=01;31:*.jar=01;31:*.war=01;31:*.ear=01;31:*.sar=01;31:*.rar=01;31:*.alz=01;31:*.ace=01;31:*.zoo=01;31:*.cpio=01;31:*.7z=01;31:*.rz=01;31:*.cab=01;31:*.wim=01;31:*.swm=01;31:*.dwm=01;31:*.esd=01;31:*.jpg=01;35:*.jpeg=01;35:*.mjpg=01;35:*.mjpeg=01;35:*.gif=01;35:*.bmp=01;35:*.pbm=01;35:*.pgm=01;35:*.ppm=01;35:*.tga=01;35:*.xbm=01;35:*.xpm=01;35:*.tif=01;35:*.tiff=01;35:*.png=01;35:*.svg=01;35:*.svgz=01;35:*.mng=01;35:*.pcx=01;35:*.mov=01;35:*.mpg=01;35:*.mpeg=01;35:*.m2v=01;35:*.mkv=01;35:*.webm=01;35:*.webp=01;35:*.ogm=01;35:*.mp4=01;35:*.m4v=01;35:*.mp4v=01;35:*.vob=01;35:*.qt=01;35:*.nuv=01;35:*.wmv=01;35:*.asf=01;35:*.rm=01;35:*.rmvb=01;35:*.flc=01;35:*.avi=01;35:*.fli=01;35:*.flv=01;35:*.gl=01;35:*.dl=01;35:*.xcf=01;35:*.xwd=01;35:*.yuv=01;35:*.cgm=01;35:*.emf=01;35:*.ogv=01;35:*.ogx=01;35:*.aac=00;36:*.au=00;36:*.flac=00;36:*.m4a=00;36:*.mid=00;36:*.midi=00;36:*.mka=00;36:*.mp3=00;36:*.mpc=00;36:*.ogg=00;36:*.ra=00;36:*.wav=00;36:*.oga=00;36:*.opus=00;36:*.spx=00;36:*.xspf=00;36:'), ('SSH_AGENT_LAUNCHER', 'gnome-keyring'), ('SSH_AUTH_SOCK', '/run/user/1000/keyring/ssh'), ('AMENT_PREFIX_PATH', '/home/yusuf/Guzergah_SDT/install/sdt_project:/home/yusuf/Guzergah_SDT/install/rf2o_laser_odometry:/home/yusuf/slam_gmapping_Humble/slam_gmapping/install/slam_gmapping:/home/yusuf/sllidar_ros2/install/sllidar_ros2:/home/yusuf/usb_cam/install/usb_cam:/home/yusuf/turtlebot3_ws/install/turtlebot3_simulations:/home/yusuf/turtlebot3_ws/install/turtlebot3_gazebo:/home/yusuf/turtlebot3_ws/install/turtlebot3_fake_node:/opt/ros/humble'), ('SHELL', '/bin/bash'), ('TERMINATOR_UUID', 'urn:uuid:6930dd25-b593-4e44-ac5a-75cabc6d7e64'), ('QT_ACCESSIBILITY', '1'), ('GDMSESSION', 'ubuntu'), ('LESSCLOSE', '/usr/bin/lesspipe %s %s'), ('GJS_DEBUG_OUTPUT', 'stderr'), ('QT_IM_MODULE', 'ibus'), ('PWD', '/home/yusuf/Guzergah_SDT/build/rf2o_laser_odometry'), ('LC_ALL', 'en_US.UTF-8'), ('XDG_CONFIG_DIRS', '/etc/xdg/xdg-ubuntu:/etc/xdg'), ('XDG_DATA_DIRS', '/usr/share/ubuntu:/usr/local/share/:/usr/share/:/var/lib/snapd/desktop'), ('PYTHONPATH', '/home/yusuf/Guzergah_SDT/install/sdt_project/local/lib/python3.10/dist-packages:/opt/ros/humble/lib/python3.10/site-packages:/opt/ros/humble/local/lib/python3.10/dist-packages'), ('COLCON', '1'), ('VTE_VERSION', '6800'), ('CMAKE_PREFIX_PATH', '/home/yusuf/Guzergah_SDT/install/sdt_project:/home/yusuf/Guzergah_SDT/install/rf2o_laser_odometry:/home/yusuf/slam_gmapping_Humble/slam_gmapping/install/slam_gmapping:/home/yusuf/sllidar_ros2/install/sllidar_ros2:/home/yusuf/usb_cam/install/usb_cam:/home/yusuf/turtlebot3_ws/install/turtlebot3_simulations:/home/yusuf/turtlebot3_ws/install/turtlebot3_gazebo:/home/yusuf/turtlebot3_ws/install/turtlebot3_fake_node:/opt/ros/humble')]), 'shell': False}
[0.025992] (sdt_project) JobProgress: {'identifier': 'sdt_project', 'progress': 'cmake'}
[0.027463] (sdt_project) JobProgress: {'identifier': 'sdt_project', 'progress': 'build'}
[0.028007] (sdt_project) Command: {'cmd': ['/usr/bin/cmake', '--build', '/home/yusuf/Guzergah_SDT/build/sdt_project', '--', '-j8', '-l8'], 'cwd': '/home/yusuf/Guzergah_SDT/build/sdt_project', 'env': OrderedDict([('GJS_DEBUG_TOPICS', 'JS ERROR;JS LOG'), ('LESSOPEN', '| /usr/bin/lesspipe %s'), ('USER', 'yusuf'), ('XDG_SESSION_TYPE', 'wayland'), ('SHLVL', '1'), ('LD_LIBRARY_PATH', '/home/yusuf/Guzergah_SDT/install/sdt_project/lib:/home/yusuf/usb_cam/install/usb_cam/lib:/usr/lib/x86_64-linux-gnu/gazebo-11/plugins:/opt/ros/humble/opt/rviz_ogre_vendor/lib:/opt/ros/humble/lib/x86_64-linux-gnu:/opt/ros/humble/lib'), ('HOME', '/home/yusuf'), ('OLDPWD', '/home/yusuf'), ('DESKTOP_SESSION', 'ubuntu'), ('GIO_LAUNCHED_DESKTOP_FILE', '/usr/share/applications/terminator.desktop'), ('ROS_PYTHON_VERSION', '3'), ('GNOME_SHELL_SESSION_MODE', 'ubuntu'), ('GTK_MODULES', 'gail:atk-bridge'), ('MANAGERPID', '1322'), ('SYSTEMD_EXEC_PID', '1496'), ('DBUS_SESSION_BUS_ADDRESS', 'unix:path=/run/user/1000/bus'), ('COLORTERM', 'truecolor'), ('TERMINATOR_DBUS_NAME', 'net.tenshu.Terminator25ef4b219e3b005583550f2b0f9f990c3'), ('GIO_LAUNCHED_DESKTOP_FILE_PID', '42318'), ('IM_CONFIG_PHASE', '1'), ('WAYLAND_DISPLAY', 'wayland-0'), ('COLCON_PREFIX_PATH', '/home/yusuf/slam_gmapping_Humble/slam_gmapping/install:/home/yusuf/sllidar_ros2/install:/home/yusuf/usb_cam/install:/home/yusuf/turtlebot3_ws/install:/home/yusuf/Guzergah_SDT/install'), ('ROS_DISTRO', 'humble'), ('LOGNAME', 'yusuf'), ('JOURNAL_STREAM', '8:18525'), ('_', '/usr/bin/colcon'), ('ROS_VERSION', '2'), ('XDG_SESSION_CLASS', 'user'), ('USERNAME', 'yusuf'), ('TERM', 'xterm-256color'), ('GNOME_DESKTOP_SESSION_ID', 'this-is-deprecated'), ('ROS_LOCALHOST_ONLY', '0'), ('PATH', '/opt/ros/humble/bin:/home/yusuf/.local/bin:/usr/local/sbin:/usr/local/bin:/usr/sbin:/usr/bin:/sbin:/bin:/usr/games:/usr/local/games:/snap/bin:/snap/bin'), ('SESSION_MANAGER', 'local/yubuntu:@/tmp/.ICE-unix/1468,unix/yubuntu:/tmp/.ICE-unix/1468'), ('INVOCATION_ID', 'e71929d952d7499f856e2f81ca67d895'), ('XDG_MENU_PREFIX', 'gnome-'), ('GNOME_SETUP_DISPLAY', ':1'), ('XDG_RUNTIME_DIR', '/run/user/1000'), ('DISPLAY', ':0'), ('TERMINATOR_DBUS_PATH', '/net/tenshu/Terminator2'), ('LANG', 'en_US.UTF-8'), ('XDG_CURRENT_DESKTOP', 'ubuntu:GNOME'), ('IBUS_DISABLE_SNOOPER', '1'), ('RMW_IMPLEMENTATION', 'rmw_cyclonedds_cpp'), ('XMODIFIERS', '@im=ibus'), ('XDG_SESSION_DESKTOP', 'ubuntu'), ('XAUTHORITY', '/run/user/1000/.mutter-Xwaylandauth.CTLKT2'), ('LS_COLORS', 'rs=0:di=01;34:ln=01;36:mh=00:pi=40;33:so=01;35:do=01;35:bd=40;33;01:cd=40;33;01:or=40;31;01:mi=00:su=37;41:sg=30;43:ca=30;41:tw=30;42:ow=34;42:st=37;44:ex=01;32:*.tar=01;31:*.tgz=01;31:*.arc=01;31:*.arj=01;31:*.taz=01;31:*.lha=01;31:*.lz4=01;31:*.lzh=01;31:*.lzma=01;31:*.tlz=01;31:*.txz=01;31:*.tzo=01;31:*.t7z=01;31:*.zip=01;31:*.z=01;31:*.dz=01;31:*.gz=01;31:*.lrz=01;31:*.lz=01;31:*.lzo=01;31:*.xz=01;31:*.zst=01;31:*.tzst=01;31:*.bz2=01;31:*.bz=01;31:*.tbz=01;31:*.tbz2=01;31:*.tz=01;31:*.deb=01;31:*.rpm=01;31:*.jar=01;31:*.war=01;31:*.ear=01;31:*.sar=01;31:*.rar=01;31:*.alz=01;31:*.ace=01;31:*.zoo=01;31:*.cpio=01;31:*.7z=01;31:*.rz=01;31:*.cab=01;31:*.wim=01;31:*.swm=01;31:*.dwm=01;31:*.esd=01;31:*.jpg=01;35:*.jpeg=01;35:*.mjpg=01;35:*.mjpeg=01;35:*.gif=01;35:*.bmp=01;35:*.pbm=01;35:*.pgm=01;35:*.ppm=01;35:*.tga=01;35:*.xbm=01;35:*.xpm=01;35:*.tif=01;35:*.tiff=01;35:*.png=01;35:*.svg=01;35:*.svgz=01;35:*.mng=01;35:*.pcx=01;35:*.mov=01;35:*.mpg=01;35:*.mpeg=01;35:*.m2v=01;35:*.mkv=01;35:*.webm=01;35:*.webp=01;35:*.ogm=01;35:*.mp4=01;35:*.m4v=01;35:*.mp4v=01;35:*.vob=01;35:*.qt=01;35:*.nuv=01;35:*.wmv=01;35:*.asf=01;35:*.rm=01;35:*.rmvb=01;35:*.flc=01;35:*.avi=01;35:*.fli=01;35:*.flv=01;35:*.gl=01;35:*.dl=01;35:*.xcf=01;35:*.xwd=01;35:*.yuv=01;35:*.cgm=01;35:*.emf=01;35:*.ogv=01;35:*.ogx=01;35:*.aac=00;36:*.au=00;36:*.flac=00;36:*.m4a=00;36:*.mid=00;36:*.midi=00;36:*.mka=00;36:*.mp3=00;36:*.mpc=00;36:*.ogg=00;36:*.ra=00;36:*.wav=00;36:*.oga=00;36:*.opus=00;36:*.spx=00;36:*.xspf=00;36:'), ('SSH_AGENT_LAUNCHER', 'gnome-keyring'), ('SSH_AUTH_SOCK', '/run/user/1000/keyring/ssh'), ('AMENT_PREFIX_PATH', '/home/yusuf/Guzergah_SDT/install/sdt_project:/home/yusuf/Guzergah_SDT/install/rf2o_laser_odometry:/home/yusuf/slam_gmapping_Humble/slam_gmapping/install/slam_gmapping:/home/yusuf/sllidar_ros2/install/sllidar_ros2:/home/yusuf/usb_cam/install/usb_cam:/home/yusuf/turtlebot3_ws/install/turtlebot3_simulations:/home/yusuf/turtlebot3_ws/install/turtlebot3_gazebo:/home/yusuf/turtlebot3_ws/install/turtlebot3_fake_node:/opt/ros/humble'), ('SHELL', '/bin/bash'), ('TERMINATOR_UUID', 'urn:uuid:6930dd25-b593-4e44-ac5a-75cabc6d7e64'), ('QT_ACCESSIBILITY', '1'), ('GDMSESSION', 'ubuntu'), ('LESSCLOSE', '/usr/bin/lesspipe %s %s'), ('GJS_DEBUG_OUTPUT', 'stderr'), ('QT_IM_MODULE', 'ibus'), ('PWD', '/home/yusuf/Guzergah_SDT/build/sdt_project'), ('LC_ALL', 'en_US.UTF-8'), ('XDG_CONFIG_DIRS', '/etc/xdg/xdg-ubuntu:/etc/xdg'), ('XDG_DATA_DIRS', '/usr/share/ubuntu:/usr/local/share/:/usr/share/:/var/lib/snapd/desktop'), ('PYTHONPATH', '/home/yusuf/Guzergah_SDT/install/sdt_project/local/lib/python3.10/dist-packages:/opt/ros/humble/lib/python3.10/site-packages:/opt/ros/humble/local/lib/python3.10/dist-packages'), ('COLCON', '1'), ('VTE_VERSION', '6800'), ('CMAKE_PREFIX_PATH', '/home/yusuf/Guzergah_SDT/install/sdt_project:/home/yusuf/Guzergah_SDT/install/rf2o_laser_odometry:/home/yusuf/slam_gmapping_Humble/slam_gmapping/install/slam_gmapping:/home/yusuf/sllidar_ros2/install/sllidar_ros2:/home/yusuf/usb_cam/install/usb_cam:/home/yusuf/turtlebot3_ws/install/turtlebot3_simulations:/home/yusuf/turtlebot3_ws/install/turtlebot3_gazebo:/home/yusuf/turtlebot3_ws/install/turtlebot3_fake_node:/opt/ros/humble')]), 'shell': False}
[0.090537] (sdt_project) StdoutLine: {'line': b'[  9%] Built target sdt_project__rosidl_generator_c\n'}
[0.095019] (sdt_project) StdoutLine: {'line': b'[ 12%] Built target sdt_project__cpp\n'}
[0.099582] (-) TimerEvent: {}
[0.104083] (rf2o_laser_odometry) StdoutLine: {'line': b'[ 40%] Built target rf2o_laser_odometry\n'}
[0.112705] (sdt_project) StdoutLine: {'line': b'[ 12%] Built target ament_cmake_python_copy_sdt_project\n'}
[0.115107] (rf2o_laser_odometry) StdoutLine: {'line': b'[100%] Built target rf2o_laser_odometry_node\n'}
[0.136885] (sdt_project) StdoutLine: {'line': b'[ 22%] Built target sdt_project__rosidl_typesupport_fastrtps_c\n'}
[0.146910] (sdt_project) StdoutLine: {'line': b'[ 41%] Built target sdt_project__rosidl_typesupport_fastrtps_cpp\n'}
[0.148722] (sdt_project) StdoutLine: {'line': b'[ 41%] Built target sdt_project__rosidl_typesupport_introspection_c\n'}
[0.148892] (rf2o_laser_odometry) CommandEnded: {'returncode': 0}
[0.149523] (sdt_project) StdoutLine: {'line': b'[ 51%] Built target sdt_project__rosidl_typesupport_c\n'}
[0.149672] (sdt_project) StdoutLine: {'line': b'[ 61%] Built target sdt_project__rosidl_typesupport_cpp\n'}
[0.150706] (sdt_project) StdoutLine: {'line': b'[ 70%] Built target sdt_project__rosidl_typesupport_introspection_cpp\n'}
[0.177504] (sdt_project) StdoutLine: {'line': b'[ 70%] Built target sdt_project\n'}
[0.182254] (rf2o_laser_odometry) JobProgress: {'identifier': 'rf2o_laser_odometry', 'progress': 'install'}
[0.192600] (rf2o_laser_odometry) Command: {'cmd': ['/usr/bin/cmake', '--install', '/home/yusuf/Guzergah_SDT/build/rf2o_laser_odometry'], 'cwd': '/home/yusuf/Guzergah_SDT/build/rf2o_laser_odometry', 'env': OrderedDict([('GJS_DEBUG_TOPICS', 'JS ERROR;JS LOG'), ('LESSOPEN', '| /usr/bin/lesspipe %s'), ('USER', 'yusuf'), ('XDG_SESSION_TYPE', 'wayland'), ('SHLVL', '1'), ('LD_LIBRARY_PATH', '/home/yusuf/Guzergah_SDT/install/sdt_project/lib:/home/yusuf/usb_cam/install/usb_cam/lib:/usr/lib/x86_64-linux-gnu/gazebo-11/plugins:/opt/ros/humble/opt/rviz_ogre_vendor/lib:/opt/ros/humble/lib/x86_64-linux-gnu:/opt/ros/humble/lib'), ('HOME', '/home/yusuf'), ('OLDPWD', '/home/yusuf'), ('DESKTOP_SESSION', 'ubuntu'), ('GIO_LAUNCHED_DESKTOP_FILE', '/usr/share/applications/terminator.desktop'), ('ROS_PYTHON_VERSION', '3'), ('GNOME_SHELL_SESSION_MODE', 'ubuntu'), ('GTK_MODULES', 'gail:atk-bridge'), ('MANAGERPID', '1322'), ('SYSTEMD_EXEC_PID', '1496'), ('DBUS_SESSION_BUS_ADDRESS', 'unix:path=/run/user/1000/bus'), ('COLORTERM', 'truecolor'), ('TERMINATOR_DBUS_NAME', 'net.tenshu.Terminator25ef4b219e3b005583550f2b0f9f990c3'), ('GIO_LAUNCHED_DESKTOP_FILE_PID', '42318'), ('IM_CONFIG_PHASE', '1'), ('WAYLAND_DISPLAY', 'wayland-0'), ('COLCON_PREFIX_PATH', '/home/yusuf/slam_gmapping_Humble/slam_gmapping/install:/home/yusuf/sllidar_ros2/install:/home/yusuf/usb_cam/install:/home/yusuf/turtlebot3_ws/install:/home/yusuf/Guzergah_SDT/install'), ('ROS_DISTRO', 'humble'), ('LOGNAME', 'yusuf'), ('JOURNAL_STREAM', '8:18525'), ('_', '/usr/bin/colcon'), ('ROS_VERSION', '2'), ('XDG_SESSION_CLASS', 'user'), ('USERNAME', 'yusuf'), ('TERM', 'xterm-256color'), ('GNOME_DESKTOP_SESSION_ID', 'this-is-deprecated'), ('ROS_LOCALHOST_ONLY', '0'), ('PATH', '/opt/ros/humble/bin:/home/yusuf/.local/bin:/usr/local/sbin:/usr/local/bin:/usr/sbin:/usr/bin:/sbin:/bin:/usr/games:/usr/local/games:/snap/bin:/snap/bin'), ('SESSION_MANAGER', 'local/yubuntu:@/tmp/.ICE-unix/1468,unix/yubuntu:/tmp/.ICE-unix/1468'), ('INVOCATION_ID', 'e71929d952d7499f856e2f81ca67d895'), ('XDG_MENU_PREFIX', 'gnome-'), ('GNOME_SETUP_DISPLAY', ':1'), ('XDG_RUNTIME_DIR', '/run/user/1000'), ('DISPLAY', ':0'), ('TERMINATOR_DBUS_PATH', '/net/tenshu/Terminator2'), ('LANG', 'en_US.UTF-8'), ('XDG_CURRENT_DESKTOP', 'ubuntu:GNOME'), ('IBUS_DISABLE_SNOOPER', '1'), ('RMW_IMPLEMENTATION', 'rmw_cyclonedds_cpp'), ('XMODIFIERS', '@im=ibus'), ('XDG_SESSION_DESKTOP', 'ubuntu'), ('XAUTHORITY', '/run/user/1000/.mutter-Xwaylandauth.CTLKT2'), ('LS_COLORS', 'rs=0:di=01;34:ln=01;36:mh=00:pi=40;33:so=01;35:do=01;35:bd=40;33;01:cd=40;33;01:or=40;31;01:mi=00:su=37;41:sg=30;43:ca=30;41:tw=30;42:ow=34;42:st=37;44:ex=01;32:*.tar=01;31:*.tgz=01;31:*.arc=01;31:*.arj=01;31:*.taz=01;31:*.lha=01;31:*.lz4=01;31:*.lzh=01;31:*.lzma=01;31:*.tlz=01;31:*.txz=01;31:*.tzo=01;31:*.t7z=01;31:*.zip=01;31:*.z=01;31:*.dz=01;31:*.gz=01;31:*.lrz=01;31:*.lz=01;31:*.lzo=01;31:*.xz=01;31:*.zst=01;31:*.tzst=01;31:*.bz2=01;31:*.bz=01;31:*.tbz=01;31:*.tbz2=01;31:*.tz=01;31:*.deb=01;31:*.rpm=01;31:*.jar=01;31:*.war=01;31:*.ear=01;31:*.sar=01;31:*.rar=01;31:*.alz=01;31:*.ace=01;31:*.zoo=01;31:*.cpio=01;31:*.7z=01;31:*.rz=01;31:*.cab=01;31:*.wim=01;31:*.swm=01;31:*.dwm=01;31:*.esd=01;31:*.jpg=01;35:*.jpeg=01;35:*.mjpg=01;35:*.mjpeg=01;35:*.gif=01;35:*.bmp=01;35:*.pbm=01;35:*.pgm=01;35:*.ppm=01;35:*.tga=01;35:*.xbm=01;35:*.xpm=01;35:*.tif=01;35:*.tiff=01;35:*.png=01;35:*.svg=01;35:*.svgz=01;35:*.mng=01;35:*.pcx=01;35:*.mov=01;35:*.mpg=01;35:*.mpeg=01;35:*.m2v=01;35:*.mkv=01;35:*.webm=01;35:*.webp=01;35:*.ogm=01;35:*.mp4=01;35:*.m4v=01;35:*.mp4v=01;35:*.vob=01;35:*.qt=01;35:*.nuv=01;35:*.wmv=01;35:*.asf=01;35:*.rm=01;35:*.rmvb=01;35:*.flc=01;35:*.avi=01;35:*.fli=01;35:*.flv=01;35:*.gl=01;35:*.dl=01;35:*.xcf=01;35:*.xwd=01;35:*.yuv=01;35:*.cgm=01;35:*.emf=01;35:*.ogv=01;35:*.ogx=01;35:*.aac=00;36:*.au=00;36:*.flac=00;36:*.m4a=00;36:*.mid=00;36:*.midi=00;36:*.mka=00;36:*.mp3=00;36:*.mpc=00;36:*.ogg=00;36:*.ra=00;36:*.wav=00;36:*.oga=00;36:*.opus=00;36:*.spx=00;36:*.xspf=00;36:'), ('SSH_AGENT_LAUNCHER', 'gnome-keyring'), ('SSH_AUTH_SOCK', '/run/user/1000/keyring/ssh'), ('AMENT_PREFIX_PATH', '/home/yusuf/Guzergah_SDT/install/sdt_project:/home/yusuf/Guzergah_SDT/install/rf2o_laser_odometry:/home/yusuf/slam_gmapping_Humble/slam_gmapping/install/slam_gmapping:/home/yusuf/sllidar_ros2/install/sllidar_ros2:/home/yusuf/usb_cam/install/usb_cam:/home/yusuf/turtlebot3_ws/install/turtlebot3_simulations:/home/yusuf/turtlebot3_ws/install/turtlebot3_gazebo:/home/yusuf/turtlebot3_ws/install/turtlebot3_fake_node:/opt/ros/humble'), ('SHELL', '/bin/bash'), ('TERMINATOR_UUID', 'urn:uuid:6930dd25-b593-4e44-ac5a-75cabc6d7e64'), ('QT_ACCESSIBILITY', '1'), ('GDMSESSION', 'ubuntu'), ('LESSCLOSE', '/usr/bin/lesspipe %s %s'), ('GJS_DEBUG_OUTPUT', 'stderr'), ('QT_IM_MODULE', 'ibus'), ('PWD', '/home/yusuf/Guzergah_SDT/build/rf2o_laser_odometry'), ('LC_ALL', 'en_US.UTF-8'), ('XDG_CONFIG_DIRS', '/etc/xdg/xdg-ubuntu:/etc/xdg'), ('XDG_DATA_DIRS', '/usr/share/ubuntu:/usr/local/share/:/usr/share/:/var/lib/snapd/desktop'), ('PYTHONPATH', '/home/yusuf/Guzergah_SDT/install/sdt_project/local/lib/python3.10/dist-packages:/opt/ros/humble/lib/python3.10/site-packages:/opt/ros/humble/local/lib/python3.10/dist-packages'), ('COLCON', '1'), ('VTE_VERSION', '6800'), ('CMAKE_PREFIX_PATH', '/home/yusuf/Guzergah_SDT/install/sdt_project:/home/yusuf/Guzergah_SDT/install/rf2o_laser_odometry:/home/yusuf/slam_gmapping_Humble/slam_gmapping/install/slam_gmapping:/home/yusuf/sllidar_ros2/install/sllidar_ros2:/home/yusuf/usb_cam/install/usb_cam:/home/yusuf/turtlebot3_ws/install/turtlebot3_simulations:/home/yusuf/turtlebot3_ws/install/turtlebot3_gazebo:/home/yusuf/turtlebot3_ws/install/turtlebot3_fake_node:/opt/ros/humble')]), 'shell': False}
[0.199700] (-) TimerEvent: {}
[0.202816] (rf2o_laser_odometry) StdoutLine: {'line': b'-- Install configuration: ""\n'}
[0.203270] (rf2o_laser_odometry) StdoutLine: {'line': b'-- Up-to-date: /home/yusuf/Guzergah_SDT/install/rf2o_laser_odometry/lib/rf2o_laser_odometry/rf2o_laser_odometry_node\n'}
[0.203531] (rf2o_laser_odometry) StdoutLine: {'line': b'-- Up-to-date: /home/yusuf/Guzergah_SDT/install/rf2o_laser_odometry/share/rf2o_laser_odometry/launch\n'}
[0.203850] (rf2o_laser_odometry) StdoutLine: {'line': b'-- Up-to-date: /home/yusuf/Guzergah_SDT/install/rf2o_laser_odometry/share/rf2o_laser_odometry/launch/rf2o_laser_odometry.launch.py\n'}
[0.204019] (rf2o_laser_odometry) StdoutLine: {'line': b'-- Up-to-date: /home/yusuf/Guzergah_SDT/install/rf2o_laser_odometry/share/ament_index/resource_index/package_run_dependencies/rf2o_laser_odometry\n'}
[0.204118] (rf2o_laser_odometry) StdoutLine: {'line': b'-- Up-to-date: /home/yusuf/Guzergah_SDT/install/rf2o_laser_odometry/share/ament_index/resource_index/parent_prefix_path/rf2o_laser_odometry\n'}
[0.204446] (rf2o_laser_odometry) StdoutLine: {'line': b'-- Up-to-date: /home/yusuf/Guzergah_SDT/install/rf2o_laser_odometry/share/rf2o_laser_odometry/environment/ament_prefix_path.sh\n'}
[0.204664] (rf2o_laser_odometry) StdoutLine: {'line': b'-- Up-to-date: /home/yusuf/Guzergah_SDT/install/rf2o_laser_odometry/share/rf2o_laser_odometry/environment/ament_prefix_path.dsv\n'}
[0.204763] (rf2o_laser_odometry) StdoutLine: {'line': b'-- Up-to-date: /home/yusuf/Guzergah_SDT/install/rf2o_laser_odometry/share/rf2o_laser_odometry/environment/path.sh\n'}
[0.204841] (rf2o_laser_odometry) StdoutLine: {'line': b'-- Up-to-date: /home/yusuf/Guzergah_SDT/install/rf2o_laser_odometry/share/rf2o_laser_odometry/environment/path.dsv\n'}
[0.204917] (rf2o_laser_odometry) StdoutLine: {'line': b'-- Up-to-date: /home/yusuf/Guzergah_SDT/install/rf2o_laser_odometry/share/rf2o_laser_odometry/local_setup.bash\n'}
[0.205138] (rf2o_laser_odometry) StdoutLine: {'line': b'-- Up-to-date: /home/yusuf/Guzergah_SDT/install/rf2o_laser_odometry/share/rf2o_laser_odometry/local_setup.sh\n'}
[0.205439] (rf2o_laser_odometry) StdoutLine: {'line': b'-- Up-to-date: /home/yusuf/Guzergah_SDT/install/rf2o_laser_odometry/share/rf2o_laser_odometry/local_setup.zsh\n'}
[0.205628] (rf2o_laser_odometry) StdoutLine: {'line': b'-- Up-to-date: /home/yusuf/Guzergah_SDT/install/rf2o_laser_odometry/share/rf2o_laser_odometry/local_setup.dsv\n'}
[0.205767] (rf2o_laser_odometry) StdoutLine: {'line': b'-- Installing: /home/yusuf/Guzergah_SDT/install/rf2o_laser_odometry/share/rf2o_laser_odometry/package.dsv\n'}
[0.205890] (sdt_project) StdoutLine: {'line': b'[ 74%] Built target sdt_project__py\n'}
[0.206033] (rf2o_laser_odometry) StdoutLine: {'line': b'-- Up-to-date: /home/yusuf/Guzergah_SDT/install/rf2o_laser_odometry/share/ament_index/resource_index/packages/rf2o_laser_odometry\n'}
[0.206151] (rf2o_laser_odometry) StdoutLine: {'line': b'-- Up-to-date: /home/yusuf/Guzergah_SDT/install/rf2o_laser_odometry/share/rf2o_laser_odometry/cmake/rf2o_laser_odometryConfig.cmake\n'}
[0.206227] (rf2o_laser_odometry) StdoutLine: {'line': b'-- Up-to-date: /home/yusuf/Guzergah_SDT/install/rf2o_laser_odometry/share/rf2o_laser_odometry/cmake/rf2o_laser_odometryConfig-version.cmake\n'}
[0.206298] (rf2o_laser_odometry) StdoutLine: {'line': b'-- Up-to-date: /home/yusuf/Guzergah_SDT/install/rf2o_laser_odometry/share/rf2o_laser_odometry/package.xml\n'}
[0.207388] (rf2o_laser_odometry) CommandEnded: {'returncode': 0}
[0.233836] (sdt_project) StdoutLine: {'line': b'[ 80%] Built target sdt_project__rosidl_generator_py\n'}
[0.270755] (sdt_project) StdoutLine: {'line': b'[ 87%] Built target sdt_project__rosidl_typesupport_c__pyext\n'}
[0.271420] (sdt_project) StdoutLine: {'line': b'[ 93%] Built target sdt_project__rosidl_typesupport_introspection_c__pyext\n'}
[0.272318] (rf2o_laser_odometry) JobEnded: {'identifier': 'rf2o_laser_odometry', 'rc': 0}
[0.273192] (sdt_project) StdoutLine: {'line': b'[100%] Built target sdt_project__rosidl_typesupport_fastrtps_c__pyext\n'}
[0.299795] (-) TimerEvent: {}
[0.400170] (-) TimerEvent: {}
[0.461211] (sdt_project) StderrLine: {'line': b'Traceback (most recent call last):\n'}
[0.461392] (sdt_project) StderrLine: {'line': b'  File "/usr/lib/python3/dist-packages/pkg_resources/__init__.py", line 2866, in get_entry_map\n'}
[0.461596] (sdt_project) StderrLine: {'line': b'    ep_map = self._ep_map\n'}
[0.461722] (sdt_project) StderrLine: {'line': b'  File "/usr/lib/python3/dist-packages/pkg_resources/__init__.py", line 2828, in __getattr__\n'}
[0.461944] (sdt_project) StderrLine: {'line': b'    raise AttributeError(attr)\n'}
[0.462192] (sdt_project) StderrLine: {'line': b"AttributeError: _ep_map. Did you mean: '_dep_map'?\n"}
[0.462276] (sdt_project) StderrLine: {'line': b'\n'}
[0.462347] (sdt_project) StderrLine: {'line': b'During handling of the above exception, another exception occurred:\n'}
[0.462415] (sdt_project) StderrLine: {'line': b'\n'}
[0.462531] (sdt_project) StderrLine: {'line': b'Traceback (most recent call last):\n'}
[0.462607] (sdt_project) StderrLine: {'line': b'  File "/home/yusuf/Guzergah_SDT/build/sdt_project/ament_cmake_python/sdt_project/setup.py", line 4, in <module>\n'}
[0.462687] (sdt_project) StderrLine: {'line': b'    setup(\n'}
[0.462749] (sdt_project) StderrLine: {'line': b'  File "/usr/lib/python3/dist-packages/setuptools/__init__.py", line 152, in setup\n'}
[0.462810] (sdt_project) StderrLine: {'line': b'    _install_setup_requires(attrs)\n'}
[0.462869] (sdt_project) StderrLine: {'line': b'  File "/usr/lib/python3/dist-packages/setuptools/__init__.py", line 142, in _install_setup_requires\n'}
[0.462954] (sdt_project) StderrLine: {'line': b'    dist = MinimalDistribution(attrs)\n'}
[0.463010] (sdt_project) StderrLine: {'line': b'  File "/usr/lib/python3/dist-packages/setuptools/__init__.py", line 134, in __init__\n'}
[0.463068] (sdt_project) StderrLine: {'line': b'    distutils.core.Distribution.__init__(self, filtered)\n'}
[0.463125] (sdt_project) StderrLine: {'line': b'  File "/usr/lib/python3/dist-packages/setuptools/dist.py", line 457, in __init__\n'}
[0.472439] (sdt_project) StderrLine: {'line': b"    for ep in pkg_resources.iter_entry_points('distutils.setup_keywords'):\n"}
[0.472647] (sdt_project) StderrLine: {'line': b'  File "/usr/lib/python3/dist-packages/pkg_resources/__init__.py", line 646, in <genexpr>\n'}
[0.472840] (sdt_project) StderrLine: {'line': b'    for entry in dist.get_entry_map(group).values()\n'}
[0.472959] (sdt_project) StderrLine: {'line': b'  File "/usr/lib/python3/dist-packages/pkg_resources/__init__.py", line 2868, in get_entry_map\n'}
[0.473144] (sdt_project) StderrLine: {'line': b'    ep_map = self._ep_map = EntryPoint.parse_map(\n'}
[0.473230] (sdt_project) StderrLine: {'line': b'  File "/usr/lib/python3/dist-packages/pkg_resources/__init__.py", line 2549, in parse_map\n'}
[0.473565] (sdt_project) StderrLine: {'line': b'    for group, lines in data:\n'}
[0.473849] (sdt_project) StderrLine: {'line': b'  File "/usr/lib/python3/dist-packages/pkg_resources/__init__.py", line 3205, in split_sections\n'}
[0.474142] (sdt_project) StderrLine: {'line': b'    for line in yield_lines(s):\n'}
[0.474319] (sdt_project) StderrLine: {'line': b'  File "/usr/lib/python3/dist-packages/pkg_resources/__init__.py", line 2780, in _get_metadata\n'}
[0.474518] (sdt_project) StderrLine: {'line': b'    for line in self.get_metadata_lines(name):\n'}
[0.474651] (sdt_project) StderrLine: {'line': b'  File "/usr/lib/python3/dist-packages/pkg_resources/__init__.py", line 1422, in get_metadata_lines\n'}
[0.474810] (sdt_project) StderrLine: {'line': b'    return yield_lines(self.get_metadata(name))\n'}
[0.474890] (sdt_project) StderrLine: {'line': b'  File "/usr/lib/python3/dist-packages/pkg_resources/__init__.py", line 1412, in get_metadata\n'}
[0.474990] (sdt_project) StderrLine: {'line': b'    value = self._get(path)\n'}
[0.475058] (sdt_project) StderrLine: {'line': b'  File "/usr/lib/python3/dist-packages/pkg_resources/__init__.py", line 1617, in _get\n'}
[0.475178] (sdt_project) StderrLine: {'line': b'    return stream.read()\n'}
[0.475253] (sdt_project) StderrLine: {'line': b'KeyboardInterrupt\n'}
[0.497931] (sdt_project) StderrLine: {'line': b'gmake[2]: *** [CMakeFiles/ament_cmake_python_build_sdt_project_egg.dir/build.make:70: CMakeFiles/ament_cmake_python_build_sdt_project_egg] Interrupt\n'}
[0.498219] (sdt_project) StderrLine: {'line': b'gmake[1]: *** [CMakeFiles/Makefile2:447: CMakeFiles/ament_cmake_python_build_sdt_project_egg.dir/all] Interrupt\n'}
[0.498484] (sdt_project) StderrLine: {'line': b'gmake: *** [Makefile:146: all] Interrupt\n'}
[0.499876] (sdt_project) CommandEnded: {'returncode': -2}
[0.500607] (-) TimerEvent: {}
[0.584992] (sdt_project) JobEnded: {'identifier': 'sdt_project', 'rc': 'SIGINT'}
[0.596190] (-) EventReactorShutdown: {}
