<?xml version="1.0" encoding="UTF-8"?>
<Site BuildName="(empty)"
	BuildStamp="20240830-1013-Experimental"
	Name="yubuntu"
	Generator="ctest-3.22.1"
	CompilerName="/usr/bin/g++"
	CompilerVersion="12.3.0"
	OSName="Linux"
	Hostname="yubuntu"
	OSRelease="6.8.0-40-generic"
	OSVersion="#40~22.04.3-Ubuntu SMP PREEMPT_DYNAMIC Tue Jul 30 17:30:19 UTC 2"
	OSPlatform="x86_64"
	Is64Bits="1"
	VendorString="GenuineIntel"
	VendorID="Intel Corporation"
	FamilyID="6"
	ModelID="126"
	ProcessorCacheSize="6144"
	NumberOfLogicalCPU="8"
	NumberOfPhysicalCPU="4"
	TotalVirtualMemory="2047"
	TotalPhysicalMemory="7681"
	LogicalProcessorsPerPhysical="2"
	ProcessorClockFrequency="598.675"
	>
	<Testing>
		<StartDateTime>Aug 30 13:13 +03</StartDateTime>
		<StartTestTime>1725012796</StartTestTime>
		<TestList/>
		<EndDateTime>Aug 30 13:13 +03</EndDateTime>
		<EndTestTime>1725012796</EndTestTime>
		<ElapsedMinutes>0</ElapsedMinutes>
	</Testing>
</Site>
